<?xml version="1.0" encoding="UTF-8"?>
<!-- Generated by org.testng.reporters.JUnitReportReporter -->
<testsuite skipped="0" hostname="Lenovo-PC" name="com.crm.qa.testcases.googleTest" tests="3" failures="0" timestamp="12 Aug 2018 12:37:04 GMT" time="0.097" errors="0">
  <testcase name="verifyTheTitle" time="0.022" classname="com.crm.qa.testcases.googleTest"/>
  <testcase name="verifyTheLink" time="0.012" classname="com.crm.qa.testcases.googleTest"/>
  <testcase name="verifyTheLogo" time="0.063" classname="com.crm.qa.testcases.googleTest"/>
</testsuite> <!-- com.crm.qa.testcases.googleTest -->
